16:50:37 **** Clean-only build of configuration Debug for project unplib ****
make clean 
rm -rf  ./src/connect_nonb.o ./src/connect_timeo.o ./src/daemon_inetd.o ./src/daemon_init.o ./src/dg_cli.o ./src/dg_echo.o ./src/error.o ./src/family_to_level.o ./src/get_ifi_info.o ./src/gf_time.o ./src/host_serv.o ./src/hstrerror.o ./src/if_indextoname.o ./src/if_nameindex.o ./src/if_nametoindex.o ./src/in6addr_any.o ./src/mcast_get_if.o ./src/mcast_get_loop.o ./src/mcast_get_ttl.o ./src/mcast_join.o ./src/mcast_leave.o ./src/mcast_set_if.o ./src/mcast_set_loop.o ./src/mcast_set_ttl.o ./src/my_addrs.o ./src/pselect.o ./src/read_fd.o ./src/readable_timeo.o ./src/readline.o ./src/readn.o ./src/rtt.o ./src/signal.o ./src/signal_intr.o ./src/snprintf.o ./src/sock_bind_wild.o ./src/sock_cmp_addr.o ./src/sock_cmp_port.o ./src/sock_get_port.o ./src/sock_ntop.o ./src/sock_ntop_host.o ./src/sock_set_addr.o ./src/sock_set_port.o ./src/sock_set_wild.o ./src/sockatmark.o ./src/sockfd_to_family.o ./src/str_cli.o ./src/str_echo.o ./src/tcp_connect.o ./src/tcp_listen.o ./src/tv_sub.o ./src/udp_client.o ./src/udp_connect.o ./src/udp_server.o ./src/wraplib.o ./src/wrappthread.o ./src/wrapsock.o ./src/wrapstdio.o ./src/wrapunix.o ./src/writable_timeo.o ./src/write_fd.o ./src/writen.o  ./src/connect_nonb.d ./src/connect_timeo.d ./src/daemon_inetd.d ./src/daemon_init.d ./src/dg_cli.d ./src/dg_echo.d ./src/error.d ./src/family_to_level.d ./src/get_ifi_info.d ./src/gf_time.d ./src/host_serv.d ./src/hstrerror.d ./src/if_indextoname.d ./src/if_nameindex.d ./src/if_nametoindex.d ./src/in6addr_any.d ./src/mcast_get_if.d ./src/mcast_get_loop.d ./src/mcast_get_ttl.d ./src/mcast_join.d ./src/mcast_leave.d ./src/mcast_set_if.d ./src/mcast_set_loop.d ./src/mcast_set_ttl.d ./src/my_addrs.d ./src/pselect.d ./src/read_fd.d ./src/readable_timeo.d ./src/readline.d ./src/readn.d ./src/rtt.d ./src/signal.d ./src/signal_intr.d ./src/snprintf.d ./src/sock_bind_wild.d ./src/sock_cmp_addr.d ./src/sock_cmp_port.d ./src/sock_get_port.d ./src/sock_ntop.d ./src/sock_ntop_host.d ./src/sock_set_addr.d ./src/sock_set_port.d ./src/sock_set_wild.d ./src/sockatmark.d ./src/sockfd_to_family.d ./src/str_cli.d ./src/str_echo.d ./src/tcp_connect.d ./src/tcp_listen.d ./src/tv_sub.d ./src/udp_client.d ./src/udp_connect.d ./src/udp_server.d ./src/wraplib.d ./src/wrappthread.d ./src/wrapsock.d ./src/wrapstdio.d ./src/wrapunix.d ./src/writable_timeo.d ./src/write_fd.d ./src/writen.d  libunplib.a
 
16:50:38 **** Build of configuration Debug for project unplib ****
make all 
Building file: ../src/connect_nonb.c
Invoking: GCC C Compiler
gcc -O0 -g3 -Wall -c -fmessage-length=0 -MMD -MP -MF"src/connect_nonb.d" -MT"src/connect_nonb.d" -o "src/connect_nonb.o" "../src/connect_nonb.c"
Finished building: ../src/connect_nonb.c
 
Building file: ../src/connect_timeo.c
Invoking: GCC C Compiler
gcc -O0 -g3 -Wall -c -fmessage-length=0 -MMD -MP -MF"src/connect_timeo.d" -MT"src/connect_timeo.d" -o "src/connect_timeo.o" "../src/connect_timeo.c"
Finished building: ../src/connect_timeo.c
 
Building file: ../src/daemon_inetd.c
Invoking: GCC C Compiler
gcc -O0 -g3 -Wall -c -fmessage-length=0 -MMD -MP -MF"src/daemon_inetd.d" -MT"src/daemon_inetd.d" -o "src/daemon_inetd.o" "../src/daemon_inetd.c"
Finished building: ../src/daemon_inetd.c
 
Building file: ../src/daemon_init.c
Invoking: GCC C Compiler
gcc -O0 -g3 -Wall -c -fmessage-length=0 -MMD -MP -MF"src/daemon_init.d" -MT"src/daemon_init.d" -o "src/daemon_init.o" "../src/daemon_init.c"
Finished building: ../src/daemon_init.c
 
Building file: ../src/dg_cli.c
Invoking: GCC C Compiler
gcc -O0 -g3 -Wall -c -fmessage-length=0 -MMD -MP -MF"src/dg_cli.d" -MT"src/dg_cli.d" -o "src/dg_cli.o" "../src/dg_cli.c"
Finished building: ../src/dg_cli.c
 
Building file: ../src/dg_echo.c
Invoking: GCC C Compiler
gcc -O0 -g3 -Wall -c -fmessage-length=0 -MMD -MP -MF"src/dg_echo.d" -MT"src/dg_echo.d" -o "src/dg_echo.o" "../src/dg_echo.c"
Finished building: ../src/dg_echo.c
 
Building file: ../src/error.c
Invoking: GCC C Compiler
gcc -O0 -g3 -Wall -c -fmessage-length=0 -MMD -MP -MF"src/error.d" -MT"src/error.d" -o "src/error.o" "../src/error.c"
../src/error.c: In function ‘err_doit’:
../src/error.c:102:17: warning: format not a string literal and no format arguments [-Wformat-security]
   syslog(level, buf);
                 ^
Finished building: ../src/error.c
 
Building file: ../src/family_to_level.c
Invoking: GCC C Compiler
gcc -O0 -g3 -Wall -c -fmessage-length=0 -MMD -MP -MF"src/family_to_level.d" -MT"src/family_to_level.d" -o "src/family_to_level.o" "../src/family_to_level.c"
Finished building: ../src/family_to_level.c
 
Building file: ../src/get_ifi_info.c
Invoking: GCC C Compiler
gcc -O0 -g3 -Wall -c -fmessage-length=0 -MMD -MP -MF"src/get_ifi_info.d" -MT"src/get_ifi_info.d" -o "src/get_ifi_info.o" "../src/get_ifi_info.c"
../src/get_ifi_info.c: In function ‘get_ifi_info’:
../src/get_ifi_info.c:115:4: warning: ‘haddr’ may be used uninitialized in this function [-Wmaybe-uninitialized]
    memcpy(ifi->ifi_haddr, haddr, ifi->ifi_hlen);
    ^
Finished building: ../src/get_ifi_info.c
 
Building file: ../src/gf_time.c
Invoking: GCC C Compiler
gcc -O0 -g3 -Wall -c -fmessage-length=0 -MMD -MP -MF"src/gf_time.d" -MT"src/gf_time.d" -o "src/gf_time.o" "../src/gf_time.c"
Finished building: ../src/gf_time.c
 
Building file: ../src/host_serv.c
Invoking: GCC C Compiler
gcc -O0 -g3 -Wall -c -fmessage-length=0 -MMD -MP -MF"src/host_serv.d" -MT"src/host_serv.d" -o "src/host_serv.o" "../src/host_serv.c"
Finished building: ../src/host_serv.c
 
Building file: ../src/hstrerror.c
Invoking: GCC C Compiler
gcc -O0 -g3 -Wall -c -fmessage-length=0 -MMD -MP -MF"src/hstrerror.d" -MT"src/hstrerror.d" -o "src/hstrerror.o" "../src/hstrerror.c"
Finished building: ../src/hstrerror.c
 
Building file: ../src/if_indextoname.c
Invoking: GCC C Compiler
gcc -O0 -g3 -Wall -c -fmessage-length=0 -MMD -MP -MF"src/if_indextoname.d" -MT"src/if_indextoname.d" -o "src/if_indextoname.o" "../src/if_indextoname.c"
Finished building: ../src/if_indextoname.c
 
Building file: ../src/if_nameindex.c
Invoking: GCC C Compiler
gcc -O0 -g3 -Wall -c -fmessage-length=0 -MMD -MP -MF"src/if_nameindex.d" -MT"src/if_nameindex.d" -o "src/if_nameindex.o" "../src/if_nameindex.c"
Finished building: ../src/if_nameindex.c
 
Building file: ../src/if_nametoindex.c
Invoking: GCC C Compiler
gcc -O0 -g3 -Wall -c -fmessage-length=0 -MMD -MP -MF"src/if_nametoindex.d" -MT"src/if_nametoindex.d" -o "src/if_nametoindex.o" "../src/if_nametoindex.c"
Finished building: ../src/if_nametoindex.c
 
Building file: ../src/in6addr_any.c
Invoking: GCC C Compiler
gcc -O0 -g3 -Wall -c -fmessage-length=0 -MMD -MP -MF"src/in6addr_any.d" -MT"src/in6addr_any.d" -o "src/in6addr_any.o" "../src/in6addr_any.c"
Finished building: ../src/in6addr_any.c
 
Building file: ../src/mcast_get_if.c
Invoking: GCC C Compiler
gcc -O0 -g3 -Wall -c -fmessage-length=0 -MMD -MP -MF"src/mcast_get_if.d" -MT"src/mcast_get_if.d" -o "src/mcast_get_if.o" "../src/mcast_get_if.c"
Finished building: ../src/mcast_get_if.c
 
Building file: ../src/mcast_get_loop.c
Invoking: GCC C Compiler
gcc -O0 -g3 -Wall -c -fmessage-length=0 -MMD -MP -MF"src/mcast_get_loop.d" -MT"src/mcast_get_loop.d" -o "src/mcast_get_loop.o" "../src/mcast_get_loop.c"
Finished building: ../src/mcast_get_loop.c
 
Building file: ../src/mcast_get_ttl.c
Invoking: GCC C Compiler
gcc -O0 -g3 -Wall -c -fmessage-length=0 -MMD -MP -MF"src/mcast_get_ttl.d" -MT"src/mcast_get_ttl.d" -o "src/mcast_get_ttl.o" "../src/mcast_get_ttl.c"
Finished building: ../src/mcast_get_ttl.c
 
Building file: ../src/mcast_join.c
Invoking: GCC C Compiler
gcc -O0 -g3 -Wall -c -fmessage-length=0 -MMD -MP -MF"src/mcast_join.d" -MT"src/mcast_join.d" -o "src/mcast_join.o" "../src/mcast_join.c"
Finished building: ../src/mcast_join.c
 
Building file: ../src/mcast_leave.c
Invoking: GCC C Compiler
gcc -O0 -g3 -Wall -c -fmessage-length=0 -MMD -MP -MF"src/mcast_leave.d" -MT"src/mcast_leave.d" -o "src/mcast_leave.o" "../src/mcast_leave.c"
Finished building: ../src/mcast_leave.c
 
Building file: ../src/mcast_set_if.c
Invoking: GCC C Compiler
gcc -O0 -g3 -Wall -c -fmessage-length=0 -MMD -MP -MF"src/mcast_set_if.d" -MT"src/mcast_set_if.d" -o "src/mcast_set_if.o" "../src/mcast_set_if.c"
Finished building: ../src/mcast_set_if.c
 
Building file: ../src/mcast_set_loop.c
Invoking: GCC C Compiler
gcc -O0 -g3 -Wall -c -fmessage-length=0 -MMD -MP -MF"src/mcast_set_loop.d" -MT"src/mcast_set_loop.d" -o "src/mcast_set_loop.o" "../src/mcast_set_loop.c"
Finished building: ../src/mcast_set_loop.c
 
Building file: ../src/mcast_set_ttl.c
Invoking: GCC C Compiler
gcc -O0 -g3 -Wall -c -fmessage-length=0 -MMD -MP -MF"src/mcast_set_ttl.d" -MT"src/mcast_set_ttl.d" -o "src/mcast_set_ttl.o" "../src/mcast_set_ttl.c"
Finished building: ../src/mcast_set_ttl.c
 
Building file: ../src/my_addrs.c
Invoking: GCC C Compiler
gcc -O0 -g3 -Wall -c -fmessage-length=0 -MMD -MP -MF"src/my_addrs.d" -MT"src/my_addrs.d" -o "src/my_addrs.o" "../src/my_addrs.c"
Finished building: ../src/my_addrs.c
 
Building file: ../src/pselect.c
Invoking: GCC C Compiler
gcc -O0 -g3 -Wall -c -fmessage-length=0 -MMD -MP -MF"src/pselect.d" -MT"src/pselect.d" -o "src/pselect.o" "../src/pselect.c"
Finished building: ../src/pselect.c
 
Building file: ../src/read_fd.c
Invoking: GCC C Compiler
gcc -O0 -g3 -Wall -c -fmessage-length=0 -MMD -MP -MF"src/read_fd.d" -MT"src/read_fd.d" -o "src/read_fd.o" "../src/read_fd.c"
Finished building: ../src/read_fd.c
 
Building file: ../src/readable_timeo.c
Invoking: GCC C Compiler
gcc -O0 -g3 -Wall -c -fmessage-length=0 -MMD -MP -MF"src/readable_timeo.d" -MT"src/readable_timeo.d" -o "src/readable_timeo.o" "../src/readable_timeo.c"
Finished building: ../src/readable_timeo.c
 
Building file: ../src/readline.c
Invoking: GCC C Compiler
gcc -O0 -g3 -Wall -c -fmessage-length=0 -MMD -MP -MF"src/readline.d" -MT"src/readline.d" -o "src/readline.o" "../src/readline.c"
Finished building: ../src/readline.c
 
Building file: ../src/readn.c
Invoking: GCC C Compiler
gcc -O0 -g3 -Wall -c -fmessage-length=0 -MMD -MP -MF"src/readn.d" -MT"src/readn.d" -o "src/readn.o" "../src/readn.c"
Finished building: ../src/readn.c
 
Building file: ../src/rtt.c
Invoking: GCC C Compiler
gcc -O0 -g3 -Wall -c -fmessage-length=0 -MMD -MP -MF"src/rtt.d" -MT"src/rtt.d" -o "src/rtt.o" "../src/rtt.c"
Finished building: ../src/rtt.c
 
Building file: ../src/signal.c
Invoking: GCC C Compiler
gcc -O0 -g3 -Wall -c -fmessage-length=0 -MMD -MP -MF"src/signal.d" -MT"src/signal.d" -o "src/signal.o" "../src/signal.c"
Finished building: ../src/signal.c
 
Building file: ../src/signal_intr.c
Invoking: GCC C Compiler
gcc -O0 -g3 -Wall -c -fmessage-length=0 -MMD -MP -MF"src/signal_intr.d" -MT"src/signal_intr.d" -o "src/signal_intr.o" "../src/signal_intr.c"
Finished building: ../src/signal_intr.c
 
Building file: ../src/snprintf.c
Invoking: GCC C Compiler
gcc -O0 -g3 -Wall -c -fmessage-length=0 -MMD -MP -MF"src/snprintf.d" -MT"src/snprintf.d" -o "src/snprintf.o" "../src/snprintf.c"
Finished building: ../src/snprintf.c
 
Building file: ../src/sock_bind_wild.c
Invoking: GCC C Compiler
gcc -O0 -g3 -Wall -c -fmessage-length=0 -MMD -MP -MF"src/sock_bind_wild.d" -MT"src/sock_bind_wild.d" -o "src/sock_bind_wild.o" "../src/sock_bind_wild.c"
Finished building: ../src/sock_bind_wild.c
 
Building file: ../src/sock_cmp_addr.c
Invoking: GCC C Compiler
gcc -O0 -g3 -Wall -c -fmessage-length=0 -MMD -MP -MF"src/sock_cmp_addr.d" -MT"src/sock_cmp_addr.d" -o "src/sock_cmp_addr.o" "../src/sock_cmp_addr.c"
Finished building: ../src/sock_cmp_addr.c
 
Building file: ../src/sock_cmp_port.c
Invoking: GCC C Compiler
gcc -O0 -g3 -Wall -c -fmessage-length=0 -MMD -MP -MF"src/sock_cmp_port.d" -MT"src/sock_cmp_port.d" -o "src/sock_cmp_port.o" "../src/sock_cmp_port.c"
Finished building: ../src/sock_cmp_port.c
 
Building file: ../src/sock_get_port.c
Invoking: GCC C Compiler
gcc -O0 -g3 -Wall -c -fmessage-length=0 -MMD -MP -MF"src/sock_get_port.d" -MT"src/sock_get_port.d" -o "src/sock_get_port.o" "../src/sock_get_port.c"
Finished building: ../src/sock_get_port.c
 
Building file: ../src/sock_ntop.c
Invoking: GCC C Compiler
gcc -O0 -g3 -Wall -c -fmessage-length=0 -MMD -MP -MF"src/sock_ntop.d" -MT"src/sock_ntop.d" -o "src/sock_ntop.o" "../src/sock_ntop.c"
Finished building: ../src/sock_ntop.c
 
Building file: ../src/sock_ntop_host.c
Invoking: GCC C Compiler
gcc -O0 -g3 -Wall -c -fmessage-length=0 -MMD -MP -MF"src/sock_ntop_host.d" -MT"src/sock_ntop_host.d" -o "src/sock_ntop_host.o" "../src/sock_ntop_host.c"
Finished building: ../src/sock_ntop_host.c
 
Building file: ../src/sock_set_addr.c
Invoking: GCC C Compiler
gcc -O0 -g3 -Wall -c -fmessage-length=0 -MMD -MP -MF"src/sock_set_addr.d" -MT"src/sock_set_addr.d" -o "src/sock_set_addr.o" "../src/sock_set_addr.c"
Finished building: ../src/sock_set_addr.c
 
Building file: ../src/sock_set_port.c
Invoking: GCC C Compiler
gcc -O0 -g3 -Wall -c -fmessage-length=0 -MMD -MP -MF"src/sock_set_port.d" -MT"src/sock_set_port.d" -o "src/sock_set_port.o" "../src/sock_set_port.c"
Finished building: ../src/sock_set_port.c
 
Building file: ../src/sock_set_wild.c
Invoking: GCC C Compiler
gcc -O0 -g3 -Wall -c -fmessage-length=0 -MMD -MP -MF"src/sock_set_wild.d" -MT"src/sock_set_wild.d" -o "src/sock_set_wild.o" "../src/sock_set_wild.c"
Finished building: ../src/sock_set_wild.c
 
Building file: ../src/sockatmark.c
Invoking: GCC C Compiler
gcc -O0 -g3 -Wall -c -fmessage-length=0 -MMD -MP -MF"src/sockatmark.d" -MT"src/sockatmark.d" -o "src/sockatmark.o" "../src/sockatmark.c"
Finished building: ../src/sockatmark.c
 
Building file: ../src/sockfd_to_family.c
Invoking: GCC C Compiler
gcc -O0 -g3 -Wall -c -fmessage-length=0 -MMD -MP -MF"src/sockfd_to_family.d" -MT"src/sockfd_to_family.d" -o "src/sockfd_to_family.o" "../src/sockfd_to_family.c"
Finished building: ../src/sockfd_to_family.c
 
Building file: ../src/str_cli.c
Invoking: GCC C Compiler
gcc -O0 -g3 -Wall -c -fmessage-length=0 -MMD -MP -MF"src/str_cli.d" -MT"src/str_cli.d" -o "src/str_cli.o" "../src/str_cli.c"
Finished building: ../src/str_cli.c
 
Building file: ../src/str_echo.c
Invoking: GCC C Compiler
gcc -O0 -g3 -Wall -c -fmessage-length=0 -MMD -MP -MF"src/str_echo.d" -MT"src/str_echo.d" -o "src/str_echo.o" "../src/str_echo.c"
Finished building: ../src/str_echo.c
 
Building file: ../src/tcp_connect.c
Invoking: GCC C Compiler
gcc -O0 -g3 -Wall -c -fmessage-length=0 -MMD -MP -MF"src/tcp_connect.d" -MT"src/tcp_connect.d" -o "src/tcp_connect.o" "../src/tcp_connect.c"
Finished building: ../src/tcp_connect.c
 
Building file: ../src/tcp_listen.c
Invoking: GCC C Compiler
gcc -O0 -g3 -Wall -c -fmessage-length=0 -MMD -MP -MF"src/tcp_listen.d" -MT"src/tcp_listen.d" -o "src/tcp_listen.o" "../src/tcp_listen.c"
Finished building: ../src/tcp_listen.c
 
Building file: ../src/tv_sub.c
Invoking: GCC C Compiler
gcc -O0 -g3 -Wall -c -fmessage-length=0 -MMD -MP -MF"src/tv_sub.d" -MT"src/tv_sub.d" -o "src/tv_sub.o" "../src/tv_sub.c"
Finished building: ../src/tv_sub.c
 
Building file: ../src/udp_client.c
Invoking: GCC C Compiler
gcc -O0 -g3 -Wall -c -fmessage-length=0 -MMD -MP -MF"src/udp_client.d" -MT"src/udp_client.d" -o "src/udp_client.o" "../src/udp_client.c"
Finished building: ../src/udp_client.c
 
Building file: ../src/udp_connect.c
Invoking: GCC C Compiler
gcc -O0 -g3 -Wall -c -fmessage-length=0 -MMD -MP -MF"src/udp_connect.d" -MT"src/udp_connect.d" -o "src/udp_connect.o" "../src/udp_connect.c"
Finished building: ../src/udp_connect.c
 
Building file: ../src/udp_server.c
Invoking: GCC C Compiler
gcc -O0 -g3 -Wall -c -fmessage-length=0 -MMD -MP -MF"src/udp_server.d" -MT"src/udp_server.d" -o "src/udp_server.o" "../src/udp_server.c"
Finished building: ../src/udp_server.c
 
Building file: ../src/wraplib.c
Invoking: GCC C Compiler
gcc -O0 -g3 -Wall -c -fmessage-length=0 -MMD -MP -MF"src/wraplib.d" -MT"src/wraplib.d" -o "src/wraplib.o" "../src/wraplib.c"
Finished building: ../src/wraplib.c
 
Building file: ../src/wrappthread.c
Invoking: GCC C Compiler
gcc -O0 -g3 -Wall -c -fmessage-length=0 -MMD -MP -MF"src/wrappthread.d" -MT"src/wrappthread.d" -o "src/wrappthread.o" "../src/wrappthread.c"
Finished building: ../src/wrappthread.c
 
Building file: ../src/wrapsock.c
Invoking: GCC C Compiler
gcc -O0 -g3 -Wall -c -fmessage-length=0 -MMD -MP -MF"src/wrapsock.d" -MT"src/wrapsock.d" -o "src/wrapsock.o" "../src/wrapsock.c"
../src/wrapsock.c: In function ‘Inet6_rth_space’:
../src/wrapsock.c:81:8: warning: implicit declaration of function ‘inet6_rth_space’ [-Wimplicit-function-declaration]
  ret = inet6_rth_space(type, segments);
        ^
../src/wrapsock.c: In function ‘Inet6_rth_init’:
../src/wrapsock.c:93:8: warning: implicit declaration of function ‘inet6_rth_init’ [-Wimplicit-function-declaration]
  ret = inet6_rth_init(rthbuf, rthlen, type, segments);
        ^
../src/wrapsock.c:93:6: warning: assignment makes pointer from integer without a cast [-Wint-conversion]
  ret = inet6_rth_init(rthbuf, rthlen, type, segments);
      ^
../src/wrapsock.c: In function ‘Inet6_rth_add’:
../src/wrapsock.c:103:6: warning: implicit declaration of function ‘inet6_rth_add’ [-Wimplicit-function-declaration]
  if (inet6_rth_add(rthbuf, addr) < 0)
      ^
../src/wrapsock.c: In function ‘Inet6_rth_reverse’:
../src/wrapsock.c:110:6: warning: implicit declaration of function ‘inet6_rth_reverse’ [-Wimplicit-function-declaration]
  if (inet6_rth_reverse(in, out) < 0)
      ^
../src/wrapsock.c: In function ‘Inet6_rth_segments’:
../src/wrapsock.c:119:8: warning: implicit declaration of function ‘inet6_rth_segments’ [-Wimplicit-function-declaration]
  ret = inet6_rth_segments(rthbuf);
        ^
../src/wrapsock.c: In function ‘Inet6_rth_getaddr’:
../src/wrapsock.c:131:8: warning: implicit declaration of function ‘inet6_rth_getaddr’ [-Wimplicit-function-declaration]
  ret = inet6_rth_getaddr(rthbuf, idx);
        ^
../src/wrapsock.c:131:6: warning: assignment makes pointer from integer without a cast [-Wint-conversion]
  ret = inet6_rth_getaddr(rthbuf, idx);
      ^
Finished building: ../src/wrapsock.c
 
Building file: ../src/wrapstdio.c
Invoking: GCC C Compiler
gcc -O0 -g3 -Wall -c -fmessage-length=0 -MMD -MP -MF"src/wrapstdio.d" -MT"src/wrapstdio.d" -o "src/wrapstdio.o" "../src/wrapstdio.c"
Finished building: ../src/wrapstdio.c
 
Building file: ../src/wrapunix.c
Invoking: GCC C Compiler
gcc -O0 -g3 -Wall -c -fmessage-length=0 -MMD -MP -MF"src/wrapunix.d" -MT"src/wrapunix.d" -o "src/wrapunix.o" "../src/wrapunix.c"
Finished building: ../src/wrapunix.c
 
Building file: ../src/writable_timeo.c
Invoking: GCC C Compiler
gcc -O0 -g3 -Wall -c -fmessage-length=0 -MMD -MP -MF"src/writable_timeo.d" -MT"src/writable_timeo.d" -o "src/writable_timeo.o" "../src/writable_timeo.c"
Finished building: ../src/writable_timeo.c
 
Building file: ../src/write_fd.c
Invoking: GCC C Compiler
gcc -O0 -g3 -Wall -c -fmessage-length=0 -MMD -MP -MF"src/write_fd.d" -MT"src/write_fd.d" -o "src/write_fd.o" "../src/write_fd.c"
Finished building: ../src/write_fd.c
 
Building file: ../src/writen.c
Invoking: GCC C Compiler
gcc -O0 -g3 -Wall -c -fmessage-length=0 -MMD -MP -MF"src/writen.d" -MT"src/writen.d" -o "src/writen.o" "../src/writen.c"
Finished building: ../src/writen.c
 
Building target: libunplib.a
Invoking: GCC Archiver
ar -r  "libunplib.a"  ./src/connect_nonb.o ./src/connect_timeo.o ./src/daemon_inetd.o ./src/daemon_init.o ./src/dg_cli.o ./src/dg_echo.o ./src/error.o ./src/family_to_level.o ./src/get_ifi_info.o ./src/gf_time.o ./src/host_serv.o ./src/hstrerror.o ./src/if_indextoname.o ./src/if_nameindex.o ./src/if_nametoindex.o ./src/in6addr_any.o ./src/mcast_get_if.o ./src/mcast_get_loop.o ./src/mcast_get_ttl.o ./src/mcast_join.o ./src/mcast_leave.o ./src/mcast_set_if.o ./src/mcast_set_loop.o ./src/mcast_set_ttl.o ./src/my_addrs.o ./src/pselect.o ./src/read_fd.o ./src/readable_timeo.o ./src/readline.o ./src/readn.o ./src/rtt.o ./src/signal.o ./src/signal_intr.o ./src/snprintf.o ./src/sock_bind_wild.o ./src/sock_cmp_addr.o ./src/sock_cmp_port.o ./src/sock_get_port.o ./src/sock_ntop.o ./src/sock_ntop_host.o ./src/sock_set_addr.o ./src/sock_set_port.o ./src/sock_set_wild.o ./src/sockatmark.o ./src/sockfd_to_family.o ./src/str_cli.o ./src/str_echo.o ./src/tcp_connect.o ./src/tcp_listen.o ./src/tv_sub.o ./src/udp_client.o ./src/udp_connect.o ./src/udp_server.o ./src/wraplib.o ./src/wrappthread.o ./src/wrapsock.o ./src/wrapstdio.o ./src/wrapunix.o ./src/writable_timeo.o ./src/write_fd.o ./src/writen.o   
ar: creating libunplib.a
Finished building target: libunplib.a
 
